#
# A fatal error has been detected by the Java Runtime Environment:
#
#  EXCEPTION_ACCESS_VIOLATION (0xc0000005) at pc=0x00007ff800afe181, pid=20996, tid=19680
#
# JRE version: Java(TM) SE Runtime Environment (21.0+35) (build 21+35-LTS-2513)
# Java VM: Java HotSpot(TM) 64-Bit Server VM (21+35-LTS-2513, mixed mode, sharing, tiered, compressed oops, compressed class ptrs, g1 gc, windows-amd64)
# Problematic frame:
# V  [jvm.dll+0x13e181]
#
# No core dump will be written. Minidumps are not enabled by default on client versions of Windows
#
# If you would like to submit a bug report, please visit:
#   https://bugreport.java.com/bugreport/crash.jsp
#

---------------  S U M M A R Y ------------

Command Line: C:\Users\casper\AppData\Local\Temp\surefire7100843112513020132\surefirebooter-20231231204027399_3.jar C:\Users\casper\AppData\Local\Temp\surefire7100843112513020132 2023-12-31T20-40-27_205-jvmRun1 surefire-20231231204027399_1tmp surefire_0-20231231204027399_2tmp

Host: Intel(R) Core(TM) i7-8550U CPU @ 1.80GHz, 8 cores, 7G,  Windows 10 , 64 bit Build 19041 (10.0.19041.3636)
Time: Sun Dec 31 20:40:33 2023 Maroc (heure d64 bit Build 19041 (10.0.19041.3636) elapsed time: 5.479879 seconds (0d 0h 0m 5s)

---------------  T H R E A D  ---------------

Current thread (0x000001487cb57a30):  WorkerThread "GC Thread#3"    [id=19680, stack(0x000000196b100000,0x000000196b200000) (1024K)]

Stack: [0x000000196b100000,0x000000196b200000],  sp=0x000000196b1ff638,  free space=1021k
Native frames: (J=compiled Java code, j=interpreted, Vv=VM code, C=native code)
V  [jvm.dll+0x13e181]


siginfo: EXCEPTION_ACCESS_VIOLATION (0xc0000005), reading address 0x0000000000000100


Registers:
RAX=0x0000000000000000, RBX=0x0000000000000001, RCX=0x0000014800000000, RDX=0x0000000087b86408
RSP=0x000000196b1ff638, RBP=0x0000000000000e57, RSI=0x0000014858cfcf10, RDI=0x00000000000fefe8
R8 =0x0000014800000000, R9 =0x0000000000000000, R10=0x0000000087b86408, R11=0x0000000000000001
R12=0x0000000000000006, R13=0x0000014800000000, R14=0x0000000087b86408, R15=0x000001487e578d40
RIP=0x00007ff800afe181, EFLAGS=0x0000000000010246


Register to memory mapping:

RAX=0x0 is null
RBX=0x0000000000000001 is an unknown value
RCX=0x0000014800000000 is pointing into metadata
RDX=0x0000000087b86408 is pointing into object: java.util.LinkedHashMap 
{0x0000000087b86400} - klass: 'java/util/LinkedHashMap'
 - ---- fields (total size 8 words):
 - transient 'keySet' 'Ljava/util/Set;' @12  null (0x00000000)
 - transient 'values' 'Ljava/util/Collection;' @16  null (0x00000000)
 - transient 'size' 'I' @20  0 (0x00000000)
 - transient 'modCount' 'I' @24  0 (0x00000000)
 - 'threshold' 'I' @28  0 (0x00000000)
 - final 'loadFactor' 'F' @32  0.750000 (0x3f400000)
 - transient 'table' '[Ljava/util/HashMap$Node;' @36  null (0x00000000)
 - transient 'entrySet' 'Ljava/util/Set;' @40  null (0x00000000)
 - transient 'putMode' 'I' @44  0 (0x00000000)
 - final 'accessOrder' 'Z' @48  false (0x00)
 - transient 'head' 'Ljava/util/LinkedHashMap$Entry;' @52  null (0x00000000)
 - transient 'tail' 'Ljava/util/LinkedHashMap$Entry;' @56  null (0x00000000)
RSP=0x000000196b1ff638 points into unknown readable memory: 0x00007ff800d1765b | 5b 76 d1 00 f8 7f 00 00
RBP=0x0000000000000e57 is an unknown value
RSI=0x0000014858cfcf10 points into unknown readable memory: 0x0000000000000000 | 00 00 00 00 00 00 00 00
RDI=1044456 is a compressed pointer to class: 0x00000148000fefe8
java.util.LinkedHashMap {0x00000148000feff0}
 - instance size:     8
 - klass size:        172
 - access:            public synchronized 
 - flags:              ##name  ##name  ##name  ##name  ##name  ##name  ##name 

 - state:             fully_initialized
 - name:              'java/util/LinkedHashMap'
 - super:             'java/util/HashMap'
 - sub:               'org/springframework/beans/factory/support/ManagedMap'   'org/springframework/boot/autoconfigure/template/TemplateAvailabilityProviders$1'   'org/apache/tomcat/util/res/StringManager$1'   'org/springframework/core/annotation/AnnotationAttributes'   (5 more klasses...)
 - arrays:            'java/util/LinkedHashMap'[]
 - methods:           Array<T>(0x000001480078b2b0)
 - method ordering:   Array<T>(0x000001480078bb70)
 - default_methods:   Array<T>(0x000001480078bb38)
 - default vtable indices:   Array<T>(0x000001480078bc08)
 - local interfaces:  Array<T>(0x000001480078bb60)
 - trans. interfaces: Array<T>(0x00000148007894c0)
 - constants:         constant pool [386] {0x0000014800789578} for 'java/util/LinkedHashMap' cache=0x0000014800100758
 - class loader data:  loader data: 0x0000014858db7ad0 of 'bootstrap'
 - source file:       'LinkedHashMap.java'
 - class annotations:       Array<T>(0x0000000000000000)
 - class type annotations:  Array<T>(0x0000000000000000)
 - field annotations:       Array<T>(0x0000000000000000)
 - field type annotations:  Array<T>(0x0000000000000000)
 - generic signature: '<K:Ljava/lang/Object;V:Ljava/lang/Object;>Ljava/util/HashMap<TK;TV;>;Ljava/util/SequencedMap<TK;TV;>;'
 - inner classes:     Array<T>(0x000001480078b240)
 - nest members:     Array<T>(0x000001480078bc68)
 - permitted subclasses:     Array<T>(0x0000014800613580)
 - java mirror:       a 'java/lang/Class'{0x0000000085d866b8} = 'java/util/LinkedHashMap'
 - vtable length      59  (start addr: 0x00000148000ff1b0)
 - itable length      53 (start addr: 0x00000148000ff388)
 - ---- static fields (3 words):
 - private static final 'serialVersionUID' 'J' @112 
 - static final 'PUT_NORM' 'I' @120 
 - static final 'PUT_FIRST' 'I' @124 
 - static final 'PUT_LAST' 'I' @128 
 - ---- non-static fields (12 words):
 - transient 'keySet' 'Ljava/util/Set;' @12 
 - transient 'values' 'Ljava/util/Collection;' @16 
 - transient 'size' 'I' @20 
 - transient 'modCount' 'I' @24 
 - 'threshold' 'I' @28 
 - final 'loadFactor' 'F' @32 
 - transient 'table' '[Ljava/util/HashMap$Node;' @36 
 - transient 'entrySet' 'Ljava/util/Set;' @40 
 - transient 'putMode' 'I' @44 
 - final 'accessOrder' 'Z' @48 
 - transient 'head' 'Ljava/util/LinkedHashMap$Entry;' @52 
 - transient 'tail' 'Ljava/util/LinkedHashMap$Entry;' @56 
 - non-static oop maps: 12-16 36-40 52-56 
R8 =0x0000014800000000 is pointing into metadata
R9 =0x0 is null
R10=0x0000000087b86408 is pointing into object: java.util.LinkedHashMap 
{0x0000000087b86400} - klass: 'java/util/LinkedHashMap'
 - ---- fields (total size 8 words):
 - transient 'keySet' 'Ljava/util/Set;' @12  null (0x00000000)
 - transient 'values' 'Ljava/util/Collection;' @16  null (0x00000000)
 - transient 'size' 'I' @20  0 (0x00000000)
 - transient 'modCount' 'I' @24  0 (0x00000000)
 - 'threshold' 'I' @28  0 (0x00000000)
 - final 'loadFactor' 'F' @32  0.750000 (0x3f400000)
 - transient 'table' '[Ljava/util/HashMap$Node;' @36  null (0x00000000)
 - transient 'entrySet' 'Ljava/util/Set;' @40  null (0x00000000)
 - transient 'putMode' 'I' @44  0 (0x00000000)
 - final 'accessOrder' 'Z' @48  false (0x00)
 - transient 'head' 'Ljava/util/LinkedHashMap$Entry;' @52  null (0x00000000)
 - transient 'tail' 'Ljava/util/LinkedHashMap$Entry;' @56  null (0x00000000)
R11=0x0000000000000001 is an unknown value
R12=0x0000000000000006 is an unknown value
R13=0x0000014800000000 is pointing into metadata
R14=0x0000000087b86408 is pointing into object: java.util.LinkedHashMap 
{0x0000000087b86400} - klass: 'java/util/LinkedHashMap'
 - ---- fields (total size 8 words):
 - transient 'keySet' 'Ljava/util/Set;' @12  null (0x00000000)
 - transient 'values' 'Ljava/util/Collection;' @16  null (0x00000000)
 - transient 'size' 'I' @20  0 (0x00000000)
 - transient 'modCount' 'I' @24  0 (0x00000000)
 - 'threshold' 'I' @28  0 (0x00000000)
 - final 'loadFactor' 'F' @32  0.750000 (0x3f400000)
 - transient 'table' '[Ljava/util/HashMap$Node;' @36  null (0x00000000)
 - transient 'entrySet' 'Ljava/util/Set;' @40  null (0x00000000)
 - transient 'putMode' 'I' @44  0 (0x00000000)
 - final 'accessOrder' 'Z' @48  false (0x00)
 - transient 'head' 'Ljava/util/LinkedHashMap$Entry;' @52  null (0x00000000)
 - transient 'tail' 'Ljava/util/LinkedHashMap$Entry;' @56  null (0x00000000)
R15=0x000001487e578d40 points into unknown readable memory: 0x00007ff801395358 | 58 53 39 01 f8 7f 00 00

Top of Stack: (sp=0x000000196b1ff638)
0x000000196b1ff638:   00007ff800d1765b 0000000000000009
0x000000196b1ff648:   0000000000000001 0000000000000001
0x000000196b1ff658:   0000000000000000 000000008777e74c
0x000000196b1ff668:   00007ff800d15a09 0000000000000009
0x000000196b1ff678:   0000014858d802f0 000001487e578d58
0x000000196b1ff688:   000001487d3a6b40 000001487e578ec8
0x000000196b1ff698:   0000000000000000 0000000000000040
0x000000196b1ff6a8:   000001487cc2f700 0000000000000006
0x000000196b1ff6b8:   0000000086cb75d4 0000014858cfcf10
0x000000196b1ff6c8:   0000000000000e57 000001487e578d40
0x000000196b1ff6d8:   00007ff800d188ea 000001487e570000
0x000000196b1ff6e8:   0000014858cf0100 0000014800000000
0x000000196b1ff6f8:   0000000000000010 00000000865be200
0x000000196b1ff708:   000000000000000d 000000196b1ff900
0x000000196b1ff718:   00000000865bee08 000000196b1ff900
0x000000196b1ff728:   00007ff800d14fce 00000000865bee00
0x000000196b1ff738:   000001487e578d40 00000000865bde00
0x000000196b1ff748:   0000000000000040 0000000003418b3b
0x000000196b1ff758:   0000000287a8e0a6 0000000000000006
0x000000196b1ff768:   000000196b1ff900 0000014858d74e00
0x000000196b1ff778:   00007ff800d2209b 000000000000000d
0x000000196b1ff788:   0000014858d74e00 000000196b1ff900
0x000000196b1ff798:   00007ff80108198f 00000000865be200
0x000000196b1ff7a8:   0000000000000180 00007ff801396588
0x000000196b1ff7b8:   0000000000000000 0000014858bb03a0
0x000000196b1ff7c8:   000001487e578d40 000000196b1ff950
0x000000196b1ff7d8:   00007ff8011c8147 0000014877a3bb80
0x000000196b1ff7e8:   00000148727b6e00 0000014858bb1e90
0x000000196b1ff7f8:   00007ff800d23d39 000000196b1ff880
0x000000196b1ff808:   00007ff800d0bd92 0000000000000000
0x000000196b1ff818:   00000148727b6df7 0000000000000000
0x000000196b1ff828:   0000000000000000 0000014858bafce0 

Instructions: (pc=0x00007ff800afe181)
0x00007ff800afe081:   08 8b 0d f0 9e a7 00 49 d3 e0 4c 03 05 de 9e a7
0x00007ff800afe091:   00 eb 04 4c 8b 41 08 45 8b 48 08 45 85 c9 7e 0e
0x00007ff800afe0a1:   41 f6 c1 01 75 53 41 c1 f9 03 49 63 c1 c3 79 49
0x00007ff800afe0b1:   84 c0 41 b8 0c 00 00 00 8b 05 f9 af a7 00 b9 10
0x00007ff800afe0c1:   00 00 00 41 0f 45 c8 ff c8 4c 63 c0 41 8b c1 48
0x00007ff800afe0d1:   c1 f8 10 0f b6 c0 48 63 14 11 41 8b c9 83 e1 3f
0x00007ff800afe0e1:   48 d3 e2 49 8d 0c 10 49 f7 d0 48 03 c1 49 c1 e8
0x00007ff800afe0f1:   03 48 c1 e8 03 49 23 c0 c3 49 8b 00 49 8b c8 48
0x00007ff800afe101:   ff a0 00 01 00 00 cc cc cc cc cc cc cc cc cc 4c
0x00007ff800afe111:   8b c2 48 8b d1 45 8b 48 08 45 85 c9 7e 0e 41 f6
0x00007ff800afe121:   c1 01 75 56 41 c1 f9 03 49 63 c1 c3 79 4c 80 3d
0x00007ff800afe131:   e8 b3 a7 00 00 b8 0c 00 00 00 b9 10 00 00 00 0f
0x00007ff800afe141:   45 c8 8b 05 6f af a7 00 ff c8 4c 63 c0 41 8b c1
0x00007ff800afe151:   48 c1 f8 10 48 63 14 11 41 8b c9 83 e1 3f 0f b6
0x00007ff800afe161:   c0 48 d3 e2 49 8d 0c 10 49 f7 d0 48 03 c1 49 c1
0x00007ff800afe171:   e8 03 48 c1 e8 03 49 23 c0 c3 49 8b 00 49 8b c8
0x00007ff800afe181:   48 ff a0 00 01 00 00 cc cc cc cc cc cc cc cc 48
0x00007ff800afe191:   83 ec 28 ba 37 00 00 00 48 8d 0d d8 5b 85 00 e8
0x00007ff800afe1a1:   eb 26 14 00 cc cc cc cc cc cc cc cc cc cc cc 40
0x00007ff800afe1b1:   53 48 83 ec 20 48 8b d9 49 8b c0 33 c9 45 0f b6
0x00007ff800afe1c1:   c1 48 89 0b 48 89 4b 08 48 8b cb 48 89 53 10 48
0x00007ff800afe1d1:   8b d0 e8 a8 09 00 00 48 8b c3 48 83 c4 20 5b c3
0x00007ff800afe1e1:   cc cc cc cc cc cc cc cc cc cc cc cc cc cc cc 40
0x00007ff800afe1f1:   53 48 83 ec 20 33 c0 44 88 41 10 45 0f b6 c1 48
0x00007ff800afe201:   89 01 48 89 41 08 48 8b d9 e8 81 0a 00 00 48 8b
0x00007ff800afe211:   c3 48 83 c4 20 5b c3 cc cc cc cc cc cc cc cc 40
0x00007ff800afe221:   53 48 83 ec 20 33 c0 48 8b d9 48 89 01 48 89 41
0x00007ff800afe231:   08 e8 09 0c 00 00 48 8b c3 48 83 c4 20 5b c3 48
0x00007ff800afe241:   8b c1 48 8b 09 48 85 c9 74 3c 48 8b 40 08 48 83
0x00007ff800afe251:   c0 3f 48 c1 e8 06 48 8d 14 c5 00 00 00 00 48 3b
0x00007ff800afe261:   15 62 b7 a7 00 0f 82 e4 07 f8 ff 48 8b 05 a5 b2
0x00007ff800afe271:   af 00 48 ff ca 48 03 d0 48 ff c8 48 f7 d0 48 23 


Stack slot to memory mapping:

stack at sp + 0 slots: 0x00007ff800d1765b jvm.dll
stack at sp + 1 slots: 0x0000000000000009 is an unknown value
stack at sp + 2 slots: 0x0000000000000001 is an unknown value
stack at sp + 3 slots: 0x0000000000000001 is an unknown value
stack at sp + 4 slots: 0x0 is null
stack at sp + 5 slots: 
[error occurred during error reporting (inspecting top of stack), id 0xc0000005, EXCEPTION_ACCESS_VIOLATION (0xc0000005) at pc=0x00007ff800afe181]
stack at sp + 6 slots: 0x00007ff800d15a09 jvm.dll
stack at sp + 7 slots: 0x0000000000000009 is an unknown value


---------------  P R O C E S S  ---------------

Threads class SMR info:
_java_thread_list=0x000001487ed9f220, length=14, elements={
0x0000014858bad980, 0x00000148774b7830, 0x00000148774b8160, 0x00000148774ba950,
0x00000148774bb5d0, 0x00000148774bbc40, 0x00000148774c1960, 0x00000148774c2300,
0x00000148774ca9c0, 0x00000148777a5bf0, 0x00000148777a7e50, 0x000001487c096180,
0x000001487c565800, 0x0000014877948190
}

Java Threads: ( => current thread )
  0x0000014858bad980 JavaThread "main"                              [_thread_blocked, id=14104, stack(0x0000001969a00000,0x0000001969b00000) (1024K)]
  0x00000148774b7830 JavaThread "Reference Handler"          daemon [_thread_blocked, id=21248, stack(0x000000196a200000,0x000000196a300000) (1024K)]
  0x00000148774b8160 JavaThread "Finalizer"                  daemon [_thread_blocked, id=21276, stack(0x000000196a300000,0x000000196a400000) (1024K)]
  0x00000148774ba950 JavaThread "Signal Dispatcher"          daemon [_thread_blocked, id=21288, stack(0x000000196a400000,0x000000196a500000) (1024K)]
  0x00000148774bb5d0 JavaThread "Attach Listener"            daemon [_thread_blocked, id=21260, stack(0x000000196a500000,0x000000196a600000) (1024K)]
  0x00000148774bbc40 JavaThread "Service Thread"             daemon [_thread_blocked, id=21244, stack(0x000000196a600000,0x000000196a700000) (1024K)]
  0x00000148774c1960 JavaThread "Monitor Deflation Thread"   daemon [_thread_blocked, id=7704, stack(0x000000196a700000,0x000000196a800000) (1024K)]
  0x00000148774c2300 JavaThread "C2 CompilerThread0"         daemon [_thread_blocked, id=20932, stack(0x000000196a800000,0x000000196a900000) (1024K)]
  0x00000148774ca9c0 JavaThread "C1 CompilerThread0"         daemon [_thread_blocked, id=14356, stack(0x000000196a900000,0x000000196aa00000) (1024K)]
  0x00000148777a5bf0 JavaThread "Notification Thread"        daemon [_thread_blocked, id=16992, stack(0x000000196aa00000,0x000000196ab00000) (1024K)]
  0x00000148777a7e50 JavaThread "Common-Cleaner"             daemon [_thread_blocked, id=4352, stack(0x000000196ab00000,0x000000196ac00000) (1024K)]
  0x000001487c096180 JavaThread "surefire-forkedjvm-stream-flusher" daemon [_thread_blocked, id=7980, stack(0x000000196ad00000,0x000000196ae00000) (1024K)]
  0x000001487c565800 JavaThread "surefire-forkedjvm-command-thread" daemon [_thread_in_native, id=8128, stack(0x000000196ae00000,0x000000196af00000) (1024K)]
  0x0000014877948190 JavaThread "C2 CompilerThread1"         daemon [_thread_blocked, id=21296, stack(0x000000196ac00000,0x000000196ad00000) (1024K)]
Total: 14

Other Threads:
  0x0000014877498350 VMThread "VM Thread"                           [id=21272, stack(0x000000196a100000,0x000000196a200000) (1024K)]
  0x00000148774809f0 WatcherThread "VM Periodic Task Thread"        [id=21252, stack(0x000000196a000000,0x000000196a100000) (1024K)]
  0x0000014858d3ae90 WorkerThread "GC Thread#0"                     [id=20000, stack(0x0000001969b00000,0x0000001969c00000) (1024K)]
  0x000001487c8969f0 WorkerThread "GC Thread#1"                     [id=18008, stack(0x000000196af00000,0x000000196b000000) (1024K)]
  0x000001487cb57690 WorkerThread "GC Thread#2"                     [id=18236, stack(0x000000196b000000,0x000000196b100000) (1024K)]
=>0x000001487cb57a30 WorkerThread "GC Thread#3"                     [id=19680, stack(0x000000196b100000,0x000000196b200000) (1024K)]
  0x000001487cb57dd0 WorkerThread "GC Thread#4"                     [id=15736, stack(0x000000196b200000,0x000000196b300000) (1024K)]
  0x000001487c7feae0 WorkerThread "GC Thread#5"                     [id=18480, stack(0x000000196b300000,0x000000196b400000) (1024K)]
  0x000001487cd57320 WorkerThread "GC Thread#6"                     [id=18680, stack(0x000000196b400000,0x000000196b500000) (1024K)]
  0x000001487ce440d0 WorkerThread "GC Thread#7"                     [id=18936, stack(0x000000196b500000,0x000000196b600000) (1024K)]
  0x0000014858d4b430 ConcurrentGCThread "G1 Main Marker"            [id=18704, stack(0x0000001969c00000,0x0000001969d00000) (1024K)]
  0x0000014858d4c650 WorkerThread "G1 Conc#0"                       [id=21280, stack(0x0000001969d00000,0x0000001969e00000) (1024K)]
  0x000001487da1b200 WorkerThread "G1 Conc#1"                       [id=16916, stack(0x000000196b800000,0x000000196b900000) (1024K)]
  0x00000148773520c0 ConcurrentGCThread "G1 Refine#0"               [id=21268, stack(0x0000001969e00000,0x0000001969f00000) (1024K)]
  0x0000014877354760 ConcurrentGCThread "G1 Service"                [id=21256, stack(0x0000001969f00000,0x000000196a000000) (1024K)]
Total: 15

Threads with active compile tasks:
C2 CompilerThread0     5541 4084       4       org.springframework.beans.factory.support.AbstractBeanFactory::isTypeMatch (619 bytes)
C1 CompilerThread0     5541 4115       3       java.lang.reflect.ProxyGenerator::addProxyMethod (33 bytes)
C2 CompilerThread1     5541 4086       4       org.springframework.core.ResolvableType::forType (112 bytes)
Total: 3

VM state: at safepoint (normal execution)

VM Mutex/Monitor currently owned by a thread:  ([mutex/lock_event])
[0x00007ff8015f8548] Threads_lock - owner thread: 0x0000014877498350
[0x00007ff8015f8648] Heap_lock - owner thread: 0x0000014858bad980

Heap address: 0x0000000085800000, size: 1960 MB, Compressed Oops mode: 32-bit

CDS archive(s) mapped at: [0x0000014800000000-0x0000014800c90000-0x0000014800c90000), size 13172736, SharedBaseAddress: 0x0000014800000000, ArchiveRelocationMode: 1.
Compressed class space mapped at: 0x0000014801000000-0x0000014841000000, reserved size: 1073741824
Narrow klass base: 0x0000014800000000, Narrow klass shift: 0, Narrow klass range: 0x100000000

GC Precious Log:
 CardTable entry size: 512
 Card Set container configuration: InlinePtr #cards 5 size 8 Array Of Cards #cards 12 size 40 Howl #buckets 4 coarsen threshold 1843 Howl Bitmap #cards 512 size 80 coarsen threshold 460 Card regions per heap region 1 cards per card region 2048
 CPUs: 8 total, 8 available
 Memory: 7833M
 Large Page Support: Disabled
 NUMA Support: Disabled
 Compressed Oops: Enabled (32-bit)
 Heap Region Size: 1M
 Heap Min Capacity: 8M
 Heap Initial Capacity: 124M
 Heap Max Capacity: 1960M
 Pre-touch: Disabled
 Parallel Workers: 8
 Concurrent Workers: 2
 Concurrent Refinement Workers: 8
 Periodic GC: Disabled

Heap:
 garbage-first heap   total 65536K, used 50381K [0x0000000085800000, 0x0000000100000000)
  region size 1024K, 31 young (31744K), 3 survivors (3072K)
 Metaspace       used 31335K, committed 31808K, reserved 1114112K
  class space    used 4142K, committed 4352K, reserved 1048576K

Heap Regions: E=young(eden), S=young(survivor), O=old, HS=humongous(starts), HC=humongous(continues), CS=collection set, F=free, TAMS=top-at-mark-start, PB=parsable bottom
|   0|0x0000000085800000, 0x0000000085900000, 0x0000000085900000|100%|HS|  |TAMS 0x0000000085800000| PB 0x0000000085800000| Complete 
|   1|0x0000000085900000, 0x0000000085a00000, 0x0000000085a00000|100%|HS|  |TAMS 0x0000000085900000| PB 0x0000000085900000| Complete 
|   2|0x0000000085a00000, 0x0000000085b00000, 0x0000000085b00000|100%| O|  |TAMS 0x0000000085a00000| PB 0x0000000085a00000| Untracked 
|   3|0x0000000085b00000, 0x0000000085c00000, 0x0000000085c00000|100%| O|  |TAMS 0x0000000085b00000| PB 0x0000000085b00000| Untracked 
|   4|0x0000000085c00000, 0x0000000085d00000, 0x0000000085d00000|100%| O|  |TAMS 0x0000000085c00000| PB 0x0000000085c00000| Untracked 
|   5|0x0000000085d00000, 0x0000000085e00000, 0x0000000085e00000|100%| O|  |TAMS 0x0000000085d00000| PB 0x0000000085d00000| Untracked 
|   6|0x0000000085e00000, 0x0000000085f00000, 0x0000000085f00000|100%| O|  |TAMS 0x0000000085e00000| PB 0x0000000085e00000| Untracked 
|   7|0x0000000085f00000, 0x0000000086000000, 0x0000000086000000|100%| O|  |TAMS 0x0000000085f00000| PB 0x0000000085f00000| Untracked 
|   8|0x0000000086000000, 0x0000000086100000, 0x0000000086100000|100%| O|  |TAMS 0x0000000086000000| PB 0x0000000086000000| Untracked 
|   9|0x0000000086100000, 0x0000000086200000, 0x0000000086200000|100%| O|  |TAMS 0x0000000086100000| PB 0x0000000086100000| Untracked 
|  10|0x0000000086200000, 0x0000000086300000, 0x0000000086300000|100%| O|  |TAMS 0x0000000086200000| PB 0x0000000086200000| Untracked 
|  11|0x0000000086300000, 0x0000000086400000, 0x0000000086400000|100%| O|  |TAMS 0x0000000086300000| PB 0x0000000086300000| Untracked 
|  12|0x0000000086400000, 0x0000000086500000, 0x0000000086500000|100%| O|  |TAMS 0x0000000086400000| PB 0x0000000086400000| Untracked 
|  13|0x0000000086500000, 0x0000000086600000, 0x0000000086600000|100%| O|  |TAMS 0x0000000086500000| PB 0x0000000086500000| Untracked 
|  14|0x0000000086600000, 0x0000000086700000, 0x0000000086700000|100%| O|  |TAMS 0x0000000086600000| PB 0x0000000086600000| Untracked 
|  15|0x0000000086700000, 0x0000000086800000, 0x0000000086800000|100%| O|  |TAMS 0x0000000086700000| PB 0x0000000086700000| Untracked 
|  16|0x0000000086800000, 0x0000000086900000, 0x0000000086900000|100%| O|  |TAMS 0x0000000086800000| PB 0x0000000086800000| Untracked 
|  17|0x0000000086900000, 0x0000000086a00000, 0x0000000086a00000|100%| O|  |TAMS 0x0000000086900000| PB 0x0000000086900000| Untracked 
|  18|0x0000000086a00000, 0x0000000086b00000, 0x0000000086b00000|100%| O|  |TAMS 0x0000000086a00000| PB 0x0000000086a00000| Untracked 
|  19|0x0000000086b00000, 0x0000000086c00000, 0x0000000086c00000|100%| O|  |TAMS 0x0000000086b00000| PB 0x0000000086b00000| Untracked 
|  20|0x0000000086c00000, 0x0000000086d00000, 0x0000000086d00000|100%| O|  |TAMS 0x0000000086c00000| PB 0x0000000086c00000| Untracked 
|  21|0x0000000086d00000, 0x0000000086d00000, 0x0000000086e00000|  0%| F|  |TAMS 0x0000000086d00000| PB 0x0000000086d00000| Untracked 
|  22|0x0000000086e00000, 0x0000000086e00000, 0x0000000086f00000|  0%| F|  |TAMS 0x0000000086e00000| PB 0x0000000086e00000| Untracked 
|  23|0x0000000086f00000, 0x0000000086f00000, 0x0000000087000000|  0%| F|  |TAMS 0x0000000086f00000| PB 0x0000000086f00000| Untracked 
|  24|0x0000000087000000, 0x0000000087000000, 0x0000000087100000|  0%| F|  |TAMS 0x0000000087000000| PB 0x0000000087000000| Untracked 
|  25|0x0000000087100000, 0x0000000087100000, 0x0000000087200000|  0%| F|  |TAMS 0x0000000087100000| PB 0x0000000087100000| Untracked 
|  26|0x0000000087200000, 0x0000000087200000, 0x0000000087300000|  0%| F|  |TAMS 0x0000000087200000| PB 0x0000000087200000| Untracked 
|  27|0x0000000087300000, 0x0000000087300000, 0x0000000087400000|  0%| F|  |TAMS 0x0000000087300000| PB 0x0000000087300000| Untracked 
|  28|0x0000000087400000, 0x0000000087400000, 0x0000000087500000|  0%| F|  |TAMS 0x0000000087400000| PB 0x0000000087400000| Untracked 
|  29|0x0000000087500000, 0x0000000087500000, 0x0000000087600000|  0%| F|  |TAMS 0x0000000087500000| PB 0x0000000087500000| Untracked 
|  30|0x0000000087600000, 0x0000000087641898, 0x0000000087700000| 25%| S|  |TAMS 0x0000000087600000| PB 0x0000000087600000| Complete 
|  31|0x0000000087700000, 0x0000000087800000, 0x0000000087800000|100%| S|  |TAMS 0x0000000087700000| PB 0x0000000087700000| Complete 
|  32|0x0000000087800000, 0x0000000087900000, 0x0000000087900000|100%| S|  |TAMS 0x0000000087800000| PB 0x0000000087800000| Complete 
|  33|0x0000000087900000, 0x0000000087a00000, 0x0000000087a00000|100%| E|CS|TAMS 0x0000000087900000| PB 0x0000000087900000| Complete 
|  34|0x0000000087a00000, 0x0000000087a47060, 0x0000000087b00000| 27%| E|CS|TAMS 0x0000000087a00000| PB 0x0000000087a00000| Complete 
|  35|0x0000000087b00000, 0x0000000087c00000, 0x0000000087c00000|100%| E|CS|TAMS 0x0000000087b00000| PB 0x0000000087b00000| Complete 
|  36|0x0000000087c00000, 0x0000000087d00000, 0x0000000087d00000|100%| E|CS|TAMS 0x0000000087c00000| PB 0x0000000087c00000| Complete 
|  37|0x0000000087d00000, 0x0000000087e00000, 0x0000000087e00000|100%| E|CS|TAMS 0x0000000087d00000| PB 0x0000000087d00000| Complete 
|  38|0x0000000087e00000, 0x0000000087f00000, 0x0000000087f00000|100%| E|CS|TAMS 0x0000000087e00000| PB 0x0000000087e00000| Complete 
|  39|0x0000000087f00000, 0x0000000088000000, 0x0000000088000000|100%| E|CS|TAMS 0x0000000087f00000| PB 0x0000000087f00000| Complete 
|  40|0x0000000088000000, 0x0000000088100000, 0x0000000088100000|100%| E|CS|TAMS 0x0000000088000000| PB 0x0000000088000000| Complete 
|  41|0x0000000088100000, 0x0000000088200000, 0x0000000088200000|100%| E|CS|TAMS 0x0000000088100000| PB 0x0000000088100000| Complete 
|  42|0x0000000088200000, 0x0000000088300000, 0x0000000088300000|100%| E|CS|TAMS 0x0000000088200000| PB 0x0000000088200000| Complete 
|  43|0x0000000088300000, 0x0000000088400000, 0x0000000088400000|100%| E|CS|TAMS 0x0000000088300000| PB 0x0000000088300000| Complete 
|  44|0x0000000088400000, 0x0000000088500000, 0x0000000088500000|100%| E|CS|TAMS 0x0000000088400000| PB 0x0000000088400000| Complete 
|  45|0x0000000088500000, 0x0000000088600000, 0x0000000088600000|100%| E|CS|TAMS 0x0000000088500000| PB 0x0000000088500000| Complete 
|  46|0x0000000088600000, 0x0000000088700000, 0x0000000088700000|100%| E|CS|TAMS 0x0000000088600000| PB 0x0000000088600000| Complete 
|  47|0x0000000088700000, 0x0000000088800000, 0x0000000088800000|100%| E|CS|TAMS 0x0000000088700000| PB 0x0000000088700000| Complete 
|  48|0x0000000088800000, 0x0000000088900000, 0x0000000088900000|100%| E|CS|TAMS 0x0000000088800000| PB 0x0000000088800000| Complete 
|  49|0x0000000088900000, 0x0000000088a00000, 0x0000000088a00000|100%| E|CS|TAMS 0x0000000088900000| PB 0x0000000088900000| Complete 
|  50|0x0000000088a00000, 0x0000000088b00000, 0x0000000088b00000|100%| E|CS|TAMS 0x0000000088a00000| PB 0x0000000088a00000| Complete 
|  51|0x0000000088b00000, 0x0000000088c00000, 0x0000000088c00000|100%| E|CS|TAMS 0x0000000088b00000| PB 0x0000000088b00000| Complete 
|  52|0x0000000088c00000, 0x0000000088d00000, 0x0000000088d00000|100%| E|CS|TAMS 0x0000000088c00000| PB 0x0000000088c00000| Complete 
|  53|0x0000000088d00000, 0x0000000088e00000, 0x0000000088e00000|100%| E|CS|TAMS 0x0000000088d00000| PB 0x0000000088d00000| Complete 
|  54|0x0000000088e00000, 0x0000000088f00000, 0x0000000088f00000|100%| E|CS|TAMS 0x0000000088e00000| PB 0x0000000088e00000| Complete 
|  55|0x0000000088f00000, 0x0000000089000000, 0x0000000089000000|100%| E|CS|TAMS 0x0000000088f00000| PB 0x0000000088f00000| Complete 
| 114|0x000000008ca00000, 0x000000008cb00000, 0x000000008cb00000|100%| E|CS|TAMS 0x000000008ca00000| PB 0x000000008ca00000| Complete 
| 115|0x000000008cb00000, 0x000000008cc00000, 0x000000008cc00000|100%| E|CS|TAMS 0x000000008cb00000| PB 0x000000008cb00000| Complete 
| 116|0x000000008cc00000, 0x000000008cd00000, 0x000000008cd00000|100%| E|CS|TAMS 0x000000008cc00000| PB 0x000000008cc00000| Complete 
| 117|0x000000008cd00000, 0x000000008ce00000, 0x000000008ce00000|100%| E|CS|TAMS 0x000000008cd00000| PB 0x000000008cd00000| Complete 
| 118|0x000000008ce00000, 0x000000008cf00000, 0x000000008cf00000|100%| E|CS|TAMS 0x000000008ce00000| PB 0x000000008ce00000| Complete 
| 119|0x000000008cf00000, 0x000000008d000000, 0x000000008d000000|100%| E|CS|TAMS 0x000000008cf00000| PB 0x000000008cf00000| Complete 
| 122|0x000000008d200000, 0x000000008d300000, 0x000000008d300000|100%| E|CS|TAMS 0x000000008d200000| PB 0x000000008d200000| Complete 
| 123|0x000000008d300000, 0x000000008d400000, 0x000000008d400000|100%| E|CS|TAMS 0x000000008d300000| PB 0x000000008d300000| Complete 

Card table byte_map: [0x00000148727b0000,0x0000014872b90000] _byte_map_base: 0x0000014872384000

Marking Bits: (CMBitMap*) 0x0000014858d3b4a0
 Bits: [0x0000014872b90000, 0x0000014874a30000)

Polling page: 0x0000014858dc0000

Metaspace:

Usage:
  Non-class:     26.56 MB used.
      Class:      4.05 MB used.
       Both:     30.60 MB used.

Virtual space:
  Non-class space:       64.00 MB reserved,      26.81 MB ( 42%) committed,  1 nodes.
      Class space:        1.00 GB reserved,       4.25 MB ( <1%) committed,  1 nodes.
             Both:        1.06 GB reserved,      31.06 MB (  3%) committed. 

Chunk freelists:
   Non-Class:  5.22 MB
       Class:  11.78 MB
        Both:  17.00 MB

MaxMetaspaceSize: unlimited
CompressedClassSpaceSize: 1.00 GB
Initial GC threshold: 21.00 MB
Current GC threshold: 35.25 MB
CDS: on
 - commit_granule_bytes: 65536.
 - commit_granule_words: 8192.
 - virtual_space_node_default_size: 8388608.
 - enlarge_chunks_in_place: 1.
 - use_allocation_guard: 0.


Internal statistics:

num_allocs_failed_limit: 3.
num_arena_births: 496.
num_arena_deaths: 0.
num_vsnodes_births: 2.
num_vsnodes_deaths: 0.
num_space_committed: 497.
num_space_uncommitted: 0.
num_chunks_returned_to_freelist: 3.
num_chunks_taken_from_freelist: 1671.
num_chunk_merges: 3.
num_chunk_splits: 1107.
num_chunks_enlarged: 788.
num_inconsistent_stats: 0.

CodeHeap 'non-profiled nmethods': size=120000Kb used=2214Kb max_used=2214Kb free=117785Kb
 bounds [0x000001486a440000, 0x000001486a6b0000, 0x0000014871970000]
CodeHeap 'profiled nmethods': size=120000Kb used=8749Kb max_used=8749Kb free=111251Kb
 bounds [0x0000014862970000, 0x0000014863200000, 0x0000014869ea0000]
CodeHeap 'non-nmethods': size=5760Kb used=1450Kb max_used=1557Kb free=4310Kb
 bounds [0x0000014869ea0000, 0x000001486a110000, 0x000001486a440000]
 total_blobs=4641 nmethods=4106 adapters=439
 compilation: enabled
              stopped_count=0, restarted_count=0
 full_count=0

Compilation events (20 events):
Event: 5.440 Thread 0x00000148774ca9c0 nmethod 4104 0x00000148631f5910 code [0x00000148631f5ae0, 0x00000148631f5ee0]
Event: 5.443 Thread 0x00000148774ca9c0 4106       3       java.lang.Exception::<init> (7 bytes)
Event: 5.443 Thread 0x00000148774ca9c0 nmethod 4106 0x00000148631f6090 code [0x00000148631f6240, 0x00000148631f6380]
Event: 5.443 Thread 0x00000148774ca9c0 4107       3       java.lang.Throwable::<init> (39 bytes)
Event: 5.443 Thread 0x00000148774ca9c0 nmethod 4107 0x00000148631f6410 code [0x00000148631f65e0, 0x00000148631f6a18]
Event: 5.446 Thread 0x00000148774ca9c0 4108       3       org.springframework.core.annotation.AttributeMethods::get (22 bytes)
Event: 5.446 Thread 0x00000148774ca9c0 nmethod 4108 0x00000148631f6b10 code [0x00000148631f6cc0, 0x00000148631f6eb8]
Event: 5.449 Thread 0x00000148774ca9c0 4109   !   3       jdk.proxy2.$Proxy38::annotationType (29 bytes)
Event: 5.450 Thread 0x00000148774ca9c0 nmethod 4109 0x00000148631f7010 code [0x00000148631f71e0, 0x00000148631f75e0]
Event: 5.450 Thread 0x00000148774ca9c0 4110       3       org.springframework.beans.factory.support.DefaultListableBeanFactory::findAnnotationOnBean (174 bytes)
Event: 5.451 Thread 0x00000148774ca9c0 nmethod 4110 0x00000148631f7790 code [0x00000148631f7b20, 0x00000148631f9300]
Event: 5.451 Thread 0x00000148774ca9c0 4111   !   3       jdk.proxy2.$Proxy21::annotationType (29 bytes)
Event: 5.451 Thread 0x00000148774ca9c0 nmethod 4111 0x00000148631f9a10 code [0x00000148631f9be0, 0x00000148631f9fe0]
Event: 5.451 Thread 0x00000148774ca9c0 4112   !   3       jdk.proxy2.$Proxy69::annotationType (29 bytes)
Event: 5.451 Thread 0x00000148774ca9c0 nmethod 4112 0x00000148631fa190 code [0x00000148631fa360, 0x00000148631fa760]
Event: 5.452 Thread 0x00000148774ca9c0 4113       3       java.lang.invoke.BoundMethodHandle::makeReinvoker (27 bytes)
Event: 5.452 Thread 0x00000148774ca9c0 nmethod 4113 0x00000148631fa910 code [0x00000148631faae0, 0x00000148631fadc8]
Event: 5.454 Thread 0x00000148774ca9c0 4114       3       java.lang.Class::getMethods (26 bytes)
Event: 5.454 Thread 0x00000148774ca9c0 nmethod 4114 0x00000148631faf10 code [0x00000148631fb0e0, 0x00000148631fb338]
Event: 5.454 Thread 0x00000148774ca9c0 4115       3       java.lang.reflect.ProxyGenerator::addProxyMethod (33 bytes)

GC Heap History (13 events):
Event: 0.764 GC heap before
{Heap before GC invocations=0 (full 0):
 garbage-first heap   total 126976K, used 25600K [0x0000000085800000, 0x0000000100000000)
  region size 1024K, 23 young (23552K), 0 survivors (0K)
 Metaspace       used 3904K, committed 4032K, reserved 1114112K
  class space    used 427K, committed 448K, reserved 1048576K
}
Event: 0.774 GC heap after
{Heap after GC invocations=1 (full 0):
 garbage-first heap   total 126976K, used 10624K [0x0000000085800000, 0x0000000100000000)
  region size 1024K, 3 young (3072K), 3 survivors (3072K)
 Metaspace       used 3904K, committed 4032K, reserved 1114112K
  class space    used 427K, committed 448K, reserved 1048576K
}
Event: 1.772 GC heap before
{Heap before GC invocations=1 (full 0):
 garbage-first heap   total 126976K, used 34176K [0x0000000085800000, 0x0000000100000000)
  region size 1024K, 26 young (26624K), 3 survivors (3072K)
 Metaspace       used 10501K, committed 10752K, reserved 1114112K
  class space    used 1292K, committed 1408K, reserved 1048576K
}
Event: 1.784 GC heap after
{Heap after GC invocations=2 (full 0):
 garbage-first heap   total 126976K, used 12917K [0x0000000085800000, 0x0000000100000000)
  region size 1024K, 2 young (2048K), 2 survivors (2048K)
 Metaspace       used 10501K, committed 10752K, reserved 1114112K
  class space    used 1292K, committed 1408K, reserved 1048576K
}
Event: 2.847 GC heap before
{Heap before GC invocations=2 (full 0):
 garbage-first heap   total 126976K, used 55925K [0x0000000085800000, 0x0000000100000000)
  region size 1024K, 45 young (46080K), 2 survivors (2048K)
 Metaspace       used 20785K, committed 21120K, reserved 1114112K
  class space    used 2676K, committed 2816K, reserved 1048576K
}
Event: 2.854 GC heap after
{Heap after GC invocations=3 (full 0):
 garbage-first heap   total 126976K, used 15593K [0x0000000085800000, 0x0000000100000000)
  region size 1024K, 5 young (5120K), 5 survivors (5120K)
 Metaspace       used 20785K, committed 21120K, reserved 1114112K
  class space    used 2676K, committed 2816K, reserved 1048576K
}
Event: 2.888 GC heap before
{Heap before GC invocations=3 (full 0):
 garbage-first heap   total 126976K, used 18665K [0x0000000085800000, 0x0000000100000000)
  region size 1024K, 9 young (9216K), 5 survivors (5120K)
 Metaspace       used 21185K, committed 21568K, reserved 1114112K
  class space    used 2717K, committed 2880K, reserved 1048576K
}
Event: 2.894 GC heap after
{Heap after GC invocations=4 (full 0):
 garbage-first heap   total 126976K, used 16544K [0x0000000085800000, 0x0000000100000000)
  region size 1024K, 6 young (6144K), 6 survivors (6144K)
 Metaspace       used 21185K, committed 21568K, reserved 1114112K
  class space    used 2717K, committed 2880K, reserved 1048576K
}
Event: 3.732 GC heap before
{Heap before GC invocations=5 (full 0):
 garbage-first heap   total 65536K, used 48288K [0x0000000085800000, 0x0000000100000000)
  region size 1024K, 38 young (38912K), 6 survivors (6144K)
 Metaspace       used 24396K, committed 24704K, reserved 1114112K
  class space    used 3064K, committed 3200K, reserved 1048576K
}
Event: 3.744 GC heap after
{Heap after GC invocations=6 (full 0):
 garbage-first heap   total 65536K, used 20126K [0x0000000085800000, 0x0000000100000000)
  region size 1024K, 5 young (5120K), 5 survivors (5120K)
 Metaspace       used 24396K, committed 24704K, reserved 1114112K
  class space    used 3064K, committed 3200K, reserved 1048576K
}
Event: 4.518 GC heap before
{Heap before GC invocations=6 (full 0):
 garbage-first heap   total 65536K, used 47774K [0x0000000085800000, 0x0000000100000000)
  region size 1024K, 32 young (32768K), 5 survivors (5120K)
 Metaspace       used 27036K, committed 27392K, reserved 1114112K
  class space    used 3440K, committed 3584K, reserved 1048576K
}
Event: 4.535 GC heap after
{Heap after GC invocations=7 (full 0):
 garbage-first heap   total 65536K, used 21709K [0x0000000085800000, 0x0000000100000000)
  region size 1024K, 3 young (3072K), 3 survivors (3072K)
 Metaspace       used 27036K, committed 27392K, reserved 1114112K
  class space    used 3440K, committed 3584K, reserved 1048576K
}
Event: 5.455 GC heap before
{Heap before GC invocations=7 (full 0):
 garbage-first heap   total 65536K, used 50381K [0x0000000085800000, 0x0000000100000000)
  region size 1024K, 31 young (31744K), 3 survivors (3072K)
 Metaspace       used 31335K, committed 31808K, reserved 1114112K
  class space    used 4142K, committed 4352K, reserved 1048576K
}

Dll operation events (9 events):
Event: 0.006 Loaded shared library C:\Program Files\Java\jdk-21\bin\java.dll
Event: 0.038 Loaded shared library C:\Program Files\Java\jdk-21\bin\jsvml.dll
Event: 0.059 Loaded shared library C:\Program Files\Java\jdk-21\bin\net.dll
Event: 0.063 Loaded shared library C:\Program Files\Java\jdk-21\bin\nio.dll
Event: 0.067 Loaded shared library C:\Program Files\Java\jdk-21\bin\zip.dll
Event: 0.143 Loaded shared library C:\Program Files\Java\jdk-21\bin\management.dll
Event: 0.150 Loaded shared library C:\Program Files\Java\jdk-21\bin\management_ext.dll
Event: 0.172 Loaded shared library C:\Program Files\Java\jdk-21\bin\jimage.dll
Event: 3.031 Loaded shared library C:\Program Files\Java\jdk-21\bin\sunmscapi.dll

Deoptimization events (20 events):
Event: 5.354 Thread 0x0000014858bad980 Uncommon trap: trap_request=0xffffff45 fr.pc=0x000001486a65c760 relative=0x0000000000001020
Event: 5.354 Thread 0x0000014858bad980 Uncommon trap: reason=unstable_if action=reinterpret pc=0x000001486a65c760 method=jdk.internal.org.objectweb.asm.Frame.getAbstractTypeFromDescriptor(Ljdk/internal/org/objectweb/asm/SymbolTable;Ljava/lang/String;I)I @ 189 c2
Event: 5.354 Thread 0x0000014858bad980 DEOPT PACKING pc=0x000001486a65c760 sp=0x0000001969af98d0
Event: 5.354 Thread 0x0000014858bad980 DEOPT UNPACKING pc=0x0000014869ef46a2 sp=0x0000001969af98a0 mode 2
Event: 5.354 Thread 0x0000014858bad980 Uncommon trap: trap_request=0xffffff45 fr.pc=0x000001486a49442c relative=0x000000000000010c
Event: 5.354 Thread 0x0000014858bad980 Uncommon trap: reason=unstable_if action=reinterpret pc=0x000001486a49442c method=jdk.internal.org.objectweb.asm.ByteVector.putShort(I)Ljdk/internal/org/objectweb/asm/ByteVector; @ 13 c2
Event: 5.354 Thread 0x0000014858bad980 DEOPT PACKING pc=0x000001486a49442c sp=0x0000001969af96f0
Event: 5.354 Thread 0x0000014858bad980 DEOPT UNPACKING pc=0x0000014869ef46a2 sp=0x0000001969af9678 mode 2
Event: 5.388 Thread 0x0000014858bad980 Uncommon trap: trap_request=0xffffff45 fr.pc=0x000001486a63d2dc relative=0x00000000000004bc
Event: 5.389 Thread 0x0000014858bad980 Uncommon trap: reason=unstable_if action=reinterpret pc=0x000001486a63d2dc method=org.springframework.beans.factory.support.AbstractBeanFactory.getBeanPostProcessorCache()Lorg/springframework/beans/factory/support/AbstractBeanFactory$BeanPostProcessorCach
Event: 5.389 Thread 0x0000014858bad980 DEOPT PACKING pc=0x000001486a63d2dc sp=0x0000001969afbee0
Event: 5.389 Thread 0x0000014858bad980 DEOPT UNPACKING pc=0x0000014869ef46a2 sp=0x0000001969afbda0 mode 2
Event: 5.395 Thread 0x0000014858bad980 Uncommon trap: trap_request=0xffffffd6 fr.pc=0x000001486a641ce4 relative=0x0000000000002fa4
Event: 5.395 Thread 0x0000014858bad980 Uncommon trap: reason=array_check action=maybe_recompile pc=0x000001486a641ce4 method=org.springframework.util.ConcurrentReferenceHashMap$Segment.lambda$doTask$0(Ljava/lang/Object;ILorg/springframework/util/ConcurrentReferenceHashMap$Reference;ILjava/lang
Event: 5.395 Thread 0x0000014858bad980 DEOPT PACKING pc=0x000001486a641ce4 sp=0x0000001969afb700
Event: 5.395 Thread 0x0000014858bad980 DEOPT UNPACKING pc=0x0000014869ef46a2 sp=0x0000001969afb360 mode 2
Event: 5.395 Thread 0x0000014858bad980 Uncommon trap: trap_request=0xffffffd6 fr.pc=0x000001486a641ce4 relative=0x0000000000002fa4
Event: 5.395 Thread 0x0000014858bad980 Uncommon trap: reason=array_check action=maybe_recompile pc=0x000001486a641ce4 method=org.springframework.util.ConcurrentReferenceHashMap$Segment.lambda$doTask$0(Ljava/lang/Object;ILorg/springframework/util/ConcurrentReferenceHashMap$Reference;ILjava/lang
Event: 5.395 Thread 0x0000014858bad980 DEOPT PACKING pc=0x000001486a641ce4 sp=0x0000001969afb250
Event: 5.396 Thread 0x0000014858bad980 DEOPT UNPACKING pc=0x0000014869ef46a2 sp=0x0000001969afaeb0 mode 2

Classes loaded (20 events):
Event: 5.384 Loading class jdk/internal/event/SecurityProviderServiceEvent
Event: 5.384 Loading class jdk/internal/event/Event
Event: 5.384 Loading class jdk/internal/event/Event done
Event: 5.384 Loading class jdk/internal/event/SecurityProviderServiceEvent done
Event: 5.384 Loading class sun/security/provider/MD5
Event: 5.384 Loading class sun/security/provider/DigestBase
Event: 5.385 Loading class sun/security/provider/DigestBase done
Event: 5.385 Loading class sun/security/provider/MD5 done
Event: 5.385 Loading class sun/security/jca/GetInstance$Instance
Event: 5.385 Loading class sun/security/jca/GetInstance$Instance done
Event: 5.385 Loading class java/security/MessageDigest$Delegate
Event: 5.385 Loading class sun/security/util/MessageDigestSpi2
Event: 5.385 Loading class sun/security/util/MessageDigestSpi2 done
Event: 5.385 Loading class java/security/MessageDigest$Delegate done
Event: 5.385 Loading class java/security/MessageDigest$Delegate$CloneableDelegate
Event: 5.385 Loading class java/security/MessageDigest$Delegate$CloneableDelegate done
Event: 5.385 Loading class sun/security/provider/ByteArrayAccess$LE
Event: 5.385 Loading class sun/security/provider/ByteArrayAccess$LE done
Event: 5.388 Loading class sun/security/provider/ByteArrayAccess
Event: 5.388 Loading class sun/security/provider/ByteArrayAccess done

Classes unloaded (0 events):
No events

Classes redefined (0 events):
No events

Internal exceptions (20 events):
Event: 4.861 Thread 0x0000014858bad980 Exception <a 'java/lang/NoSuchMethodError'{0x000000008cb5c430}: 'int java.lang.invoke.DirectMethodHandle$Holder.invokeStatic(java.lang.Object)'> (0x000000008cb5c430) 
thrown [s\open\src\hotspot\share\interpreter\linkResolver.cpp, line 773]
Event: 4.861 Thread 0x0000014858bad980 Exception <a 'java/lang/NoSuchMethodError'{0x000000008cb60048}: 'int java.lang.invoke.DirectMethodHandle$Holder.invokeStaticInit(java.lang.Object)'> (0x000000008cb60048) 
thrown [s\open\src\hotspot\share\interpreter\linkResolver.cpp, line 773]
Event: 4.925 Thread 0x0000014858bad980 Implicit null exception at 0x000001486a61ea64 to 0x000001486a61f6bc
Event: 5.316 Thread 0x0000014858bad980 Exception <a 'java/lang/NoSuchMethodError'{0x0000000088151608}: 'java.lang.Object java.lang.invoke.DirectMethodHandle$Holder.invokeStaticInit(java.lang.Object, java.lang.Object, java.lang.Object, java.lang.Object, java.lang.Object, java.lang.Object, java.lang.Object)'> (0x0000000088151608) 
thrown [s\open\src\hotspot\share\interpreter\linkResolver.cpp, line 773]
Event: 5.320 Thread 0x0000014858bad980 Exception <a 'java/lang/NoSuchMethodError'{0x0000000088186fc8}: 'java.lang.Object java.lang.invoke.Invokers$Holder.invoker(java.lang.Object, java.lang.Object, java.lang.Object, java.lang.Object, java.lang.Object, java.lang.Object, java.lang.Object, java.lang.Object, java.lang.Object, java.lang.Object, java.lang.Object, java.lang.Object, java.lang.Object, java.lang.Object)'> (0x0000000088186fc8) 
thrown [s\open\src\hotspot\share\interpreter\linkResolver.cpp, line 773]
Event: 5.320 Thread 0x0000014858bad980 Exception <a 'java/lang/NoSuchMethodError'{0x00000000881918b8}: 'java.lang.Object java.lang.invoke.DelegatingMethodHandle$Holder.delegate(java.lang.Object, java.lang.Object, java.lang.Object, java.lang.Object, java.lang.Object, java.lang.Object, java.lang.Object, java.lang.Object, java.lang.Object, java.lang.Object, java.lang.Object, java.lang.Object, java.lang.Object, java.lang.Object)'> (0x00000000881918b8) 
thrown [s\open\src\hotspot\share\interpreter\linkResolver.cpp, line 773]
Event: 5.322 Thread 0x0000014858bad980 Exception <a 'java/lang/NoSuchMethodError'{0x00000000881a0738}: 'int java.lang.invoke.DirectMethodHandle$Holder.invokeStaticInit(java.lang.Object, int, int)'> (0x00000000881a0738) 
thrown [s\open\src\hotspot\share\interpreter\linkResolver.cpp, line 773]
Event: 5.323 Thread 0x0000014858bad980 Exception <a 'java/lang/NoSuchMethodError'{0x00000000881a7f60}: 'int java.lang.invoke.DirectMethodHandle$Holder.invokeStaticInit(java.lang.Object, long, long)'> (0x00000000881a7f60) 
thrown [s\open\src\hotspot\share\interpreter\linkResolver.cpp, line 773]
Event: 5.323 Thread 0x0000014858bad980 Exception <a 'java/lang/NoSuchMethodError'{0x00000000881aedd8}: 'int java.lang.invoke.DirectMethodHandle$Holder.invokeStaticInit(java.lang.Object, float, float)'> (0x00000000881aedd8) 
thrown [s\open\src\hotspot\share\interpreter\linkResolver.cpp, line 773]
Event: 5.324 Thread 0x0000014858bad980 Exception <a 'java/lang/NoSuchMethodError'{0x00000000881b5c48}: 'int java.lang.invoke.DirectMethodHandle$Holder.invokeStaticInit(java.lang.Object, double, double)'> (0x00000000881b5c48) 
thrown [s\open\src\hotspot\share\interpreter\linkResolver.cpp, line 773]
Event: 5.324 Thread 0x0000014858bad980 Exception <a 'java/lang/NoSuchMethodError'{0x00000000881ba510}: 'int java.lang.invoke.DirectMethodHandle$Holder.invokeStatic(java.lang.Object, long)'> (0x00000000881ba510) 
thrown [s\open\src\hotspot\share\interpreter\linkResolver.cpp, line 773]
Event: 5.327 Thread 0x0000014858bad980 Exception <a 'java/lang/NoSuchMethodError'{0x00000000881dd220}: 'int java.lang.invoke.DirectMethodHandle$Holder.invokeSpecial(java.lang.Object, java.lang.Object, int)'> (0x00000000881dd220) 
thrown [s\open\src\hotspot\share\interpreter\linkResolver.cpp, line 773]
Event: 5.328 Thread 0x0000014858bad980 Exception <a 'java/lang/NoSuchMethodError'{0x00000000881e4e80}: 'int java.lang.invoke.Invokers$Holder.linkToTargetMethod(java.lang.Object, java.lang.Object)'> (0x00000000881e4e80) 
thrown [s\open\src\hotspot\share\interpreter\linkResolver.cpp, line 773]
Event: 5.345 Thread 0x0000014858bad980 Exception <a 'java/lang/NoSuchMethodError'{0x0000000088072a68}: 'java.lang.Object java.lang.invoke.Invokers$Holder.invoke_MT(java.lang.Object, java.lang.Object, java.lang.Object, java.lang.Object, java.lang.Object, java.lang.Object, java.lang.Object, java.lang.Object, java.lang.Object, java.lang.Object)'> (0x0000000088072a68) 
thrown [s\open\src\hotspot\share\interpreter\linkResolver.cpp, line 773]
Event: 5.352 Thread 0x0000014858bad980 Exception <a 'java/lang/NoSuchMethodError'{0x00000000880ae440}: 'java.lang.Object java.lang.invoke.DirectMethodHandle$Holder.invokeSpecial(java.lang.Object, java.lang.Object, int, java.lang.Object, java.lang.Object)'> (0x00000000880ae440) 
thrown [s\open\src\hotspot\share\interpreter\linkResolver.cpp, line 773]
Event: 5.353 Thread 0x0000014858bad980 Exception <a 'java/lang/NoSuchMethodError'{0x00000000880b23d0}: 'java.lang.Object java.lang.invoke.DelegatingMethodHandle$Holder.delegate(java.lang.Object, int, java.lang.Object, java.lang.Object)'> (0x00000000880b23d0) 
thrown [s\open\src\hotspot\share\interpreter\linkResolver.cpp, line 773]
Event: 5.355 Thread 0x0000014858bad980 Exception <a 'java/lang/NoSuchMethodError'{0x00000000880c1f08}: 'int java.lang.invoke.Invokers$Holder.linkToTargetMethod(java.lang.Object, java.lang.Object, java.lang.Object)'> (0x00000000880c1f08) 
thrown [s\open\src\hotspot\share\interpreter\linkResolver.cpp, line 773]
Event: 5.380 Thread 0x0000014858bad980 Exception <a 'java/lang/NoSuchMethodError'{0x0000000087f61a28}: 'void java.lang.invoke.Invokers$Holder.invokeExact_MT(java.lang.Object, java.lang.Object, java.lang.Object)'> (0x0000000087f61a28) 
thrown [s\open\src\hotspot\share\interpreter\linkResolver.cpp, line 773]
Event: 5.405 Thread 0x0000014858bad980 Exception <a 'java/lang/NoClassDefFoundError'{0x0000000087e31e40}: org/flywaydb/core/Flyway> (0x0000000087e31e40) 
thrown [s\open\src\hotspot\share\classfile\systemDictionary.cpp, line 301]
Event: 5.406 Thread 0x0000014858bad980 Exception <a 'java/lang/NoClassDefFoundError'{0x0000000087e34390}: liquibase/integration/spring/SpringLiquibase> (0x0000000087e34390) 
thrown [s\open\src\hotspot\share\classfile\systemDictionary.cpp, line 301]

ZGC Phase Switch (0 events):
No events

VM Operations (20 events):
Event: 4.007 Executing VM operation: ICBufferFull done
Event: 4.517 Executing VM operation: G1CollectForAllocation (G1 Evacuation Pause)
Event: 4.535 Executing VM operation: G1CollectForAllocation (G1 Evacuation Pause) done
Event: 4.700 Executing VM operation: HandshakeAllThreads (Deoptimize)
Event: 4.700 Executing VM operation: HandshakeAllThreads (Deoptimize) done
Event: 4.702 Executing VM operation: HandshakeAllThreads (Deoptimize)
Event: 4.702 Executing VM operation: HandshakeAllThreads (Deoptimize) done
Event: 4.714 Executing VM operation: HandshakeAllThreads (Deoptimize)
Event: 4.714 Executing VM operation: HandshakeAllThreads (Deoptimize) done
Event: 4.716 Executing VM operation: HandshakeAllThreads (Deoptimize)
Event: 4.716 Executing VM operation: HandshakeAllThreads (Deoptimize) done
Event: 4.862 Executing VM operation: HandshakeAllThreads (Deoptimize)
Event: 4.862 Executing VM operation: HandshakeAllThreads (Deoptimize) done
Event: 4.916 Executing VM operation: HandshakeAllThreads (Deoptimize)
Event: 4.916 Executing VM operation: HandshakeAllThreads (Deoptimize) done
Event: 5.330 Executing VM operation: HandshakeAllThreads (Deoptimize)
Event: 5.330 Executing VM operation: HandshakeAllThreads (Deoptimize) done
Event: 5.346 Executing VM operation: ICBufferFull
Event: 5.346 Executing VM operation: ICBufferFull done
Event: 5.454 Executing VM operation: G1CollectForAllocation (G1 Evacuation Pause)

Events (20 events):
Event: 0.036 Thread 0x00000148774b8160 Thread added: 0x00000148774b8160
Event: 0.036 Thread 0x00000148774ba950 Thread added: 0x00000148774ba950
Event: 0.036 Thread 0x00000148774bb5d0 Thread added: 0x00000148774bb5d0
Event: 0.036 Thread 0x00000148774bbc40 Thread added: 0x00000148774bbc40
Event: 0.036 Thread 0x00000148774c1960 Thread added: 0x00000148774c1960
Event: 0.036 Thread 0x00000148774c2300 Thread added: 0x00000148774c2300
Event: 0.036 Thread 0x00000148774ca9c0 Thread added: 0x00000148774ca9c0
Event: 0.054 Thread 0x00000148777a5bf0 Thread added: 0x00000148777a5bf0
Event: 0.056 Thread 0x00000148777a7e50 Thread added: 0x00000148777a7e50
Event: 0.207 Thread 0x00000148779473f0 Thread added: 0x00000148779473f0
Event: 0.344 Thread 0x000001487c096180 Thread added: 0x000001487c096180
Event: 0.355 Thread 0x000001487c565800 Thread added: 0x000001487c565800
Event: 2.173 Thread 0x000001487d142610 Thread added: 0x000001487d142610
Event: 2.185 Thread 0x000001487d142610 Thread exited: 0x000001487d142610
Event: 2.423 Thread 0x000001487d7d8850 Thread added: 0x000001487d7d8850
Event: 2.873 Thread 0x000001487d7d7b30 Thread added: 0x000001487d7d7b30
Event: 3.020 Thread 0x000001487d7d7b30 Thread exited: 0x000001487d7d7b30
Event: 3.080 Thread 0x000001487d7d8850 Thread exited: 0x000001487d7d8850
Event: 4.899 Thread 0x00000148779473f0 Thread exited: 0x00000148779473f0
Event: 4.981 Thread 0x0000014877948190 Thread added: 0x0000014877948190


Dynamic libraries:
0x00007ff739b40000 - 0x00007ff739b50000 	C:\Program Files\Java\jdk-21\bin\java.exe
0x00007ff850af0000 - 0x00007ff850ce8000 	C:\Windows\SYSTEM32\ntdll.dll
0x00007ff84fd10000 - 0x00007ff84fdcd000 	C:\Windows\System32\KERNEL32.DLL
0x00007ff84e1d0000 - 0x00007ff84e4c6000 	C:\Windows\System32\KERNELBASE.dll
0x00007ff84ea50000 - 0x00007ff84eb50000 	C:\Windows\System32\ucrtbase.dll
0x00007ff848e60000 - 0x00007ff848e79000 	C:\Program Files\Java\jdk-21\bin\jli.dll
0x00007ff849f60000 - 0x00007ff849f7b000 	C:\Program Files\Java\jdk-21\bin\VCRUNTIME140.dll
0x00007ff850920000 - 0x00007ff8509cf000 	C:\Windows\System32\ADVAPI32.dll
0x00007ff84fac0000 - 0x00007ff84fb5e000 	C:\Windows\System32\msvcrt.dll
0x00007ff84ff80000 - 0x00007ff85001c000 	C:\Windows\System32\sechost.dll
0x00007ff84f080000 - 0x00007ff84f1a6000 	C:\Windows\System32\RPCRT4.dll
0x00007ff84fde0000 - 0x00007ff84ff7e000 	C:\Windows\System32\USER32.dll
0x00007ff83eaf0000 - 0x00007ff83ed8a000 	C:\Windows\WinSxS\amd64_microsoft.windows.common-controls_6595b64144ccf1df_6.0.19041.3636_none_60b6a03d71f818d5\COMCTL32.dll
0x00007ff84e580000 - 0x00007ff84e5a2000 	C:\Windows\System32\win32u.dll
0x00007ff850020000 - 0x00007ff85004c000 	C:\Windows\System32\GDI32.dll
0x00007ff84e600000 - 0x00007ff84e71a000 	C:\Windows\System32\gdi32full.dll
0x00007ff84e790000 - 0x00007ff84e82d000 	C:\Windows\System32\msvcp_win.dll
0x00007ff848430000 - 0x00007ff84843a000 	C:\Windows\SYSTEM32\VERSION.dll
0x00007ff850a80000 - 0x00007ff850ab0000 	C:\Windows\System32\IMM32.DLL
0x00007ff848f30000 - 0x00007ff848f3c000 	C:\Program Files\Java\jdk-21\bin\vcruntime140_1.dll
0x00007ff81c200000 - 0x00007ff81c28e000 	C:\Program Files\Java\jdk-21\bin\msvcp140.dll
0x00007ff8009c0000 - 0x00007ff8016d3000 	C:\Program Files\Java\jdk-21\bin\server\jvm.dll
0x00007ff84fa40000 - 0x00007ff84faab000 	C:\Windows\System32\WS2_32.dll
0x00007ff84d730000 - 0x00007ff84d77b000 	C:\Windows\SYSTEM32\POWRPROF.dll
0x00007ff845690000 - 0x00007ff8456b7000 	C:\Windows\SYSTEM32\WINMM.dll
0x00007ff84d5d0000 - 0x00007ff84d5e2000 	C:\Windows\SYSTEM32\UMPDC.dll
0x00007ff84c050000 - 0x00007ff84c062000 	C:\Windows\SYSTEM32\kernel.appcore.dll
0x00007ff848700000 - 0x00007ff84870a000 	C:\Program Files\Java\jdk-21\bin\jimage.dll
0x00007ff82f930000 - 0x00007ff82fb14000 	C:\Windows\SYSTEM32\DBGHELP.DLL
0x00007ff82f8f0000 - 0x00007ff82f924000 	C:\Windows\SYSTEM32\dbgcore.DLL
0x00007ff84e9c0000 - 0x00007ff84ea42000 	C:\Windows\System32\bcryptPrimitives.dll
0x00007ff83a310000 - 0x00007ff83a32f000 	C:\Program Files\Java\jdk-21\bin\java.dll
0x00007ff84f290000 - 0x00007ff84f9d5000 	C:\Windows\System32\SHELL32.dll
0x00007ff84c250000 - 0x00007ff84c9eb000 	C:\Windows\SYSTEM32\windows.storage.dll
0x00007ff850100000 - 0x00007ff850454000 	C:\Windows\System32\combase.dll
0x00007ff84dc10000 - 0x00007ff84dc3d000 	C:\Windows\SYSTEM32\Wldp.dll
0x00007ff850050000 - 0x00007ff8500fd000 	C:\Windows\System32\SHCORE.dll
0x00007ff84eb50000 - 0x00007ff84eba5000 	C:\Windows\System32\shlwapi.dll
0x00007ff84e100000 - 0x00007ff84e125000 	C:\Windows\SYSTEM32\profapi.dll
0x00007ff81b820000 - 0x00007ff81b8f7000 	C:\Program Files\Java\jdk-21\bin\jsvml.dll
0x00007ff83a3c0000 - 0x00007ff83a3d0000 	C:\Program Files\Java\jdk-21\bin\net.dll
0x00007ff846820000 - 0x00007ff84692a000 	C:\Windows\SYSTEM32\WINHTTP.dll
0x00007ff84d970000 - 0x00007ff84d9da000 	C:\Windows\system32\mswsock.dll
0x00007ff838040000 - 0x00007ff838056000 	C:\Program Files\Java\jdk-21\bin\nio.dll
0x00007ff838060000 - 0x00007ff838078000 	C:\Program Files\Java\jdk-21\bin\zip.dll
0x00007ff848f10000 - 0x00007ff848f1a000 	C:\Program Files\Java\jdk-21\bin\management.dll
0x00007ff848f00000 - 0x00007ff848f0b000 	C:\Program Files\Java\jdk-21\bin\management_ext.dll
0x00007ff84fdd0000 - 0x00007ff84fdd8000 	C:\Windows\System32\PSAPI.DLL
0x00007ff84d5f0000 - 0x00007ff84d62b000 	C:\Windows\SYSTEM32\IPHLPAPI.DLL
0x00007ff84fab0000 - 0x00007ff84fab8000 	C:\Windows\System32\NSI.dll
0x00007ff84d640000 - 0x00007ff84d70a000 	C:\Windows\SYSTEM32\DNSAPI.dll
0x00007ff83e480000 - 0x00007ff83e48a000 	C:\Windows\System32\rasadhlp.dll
0x00007ff844270000 - 0x00007ff8442f0000 	C:\Windows\System32\fwpuclnt.dll
0x00007ff84e830000 - 0x00007ff84e857000 	C:\Windows\System32\bcrypt.dll
0x00007ff837d60000 - 0x00007ff837d6e000 	C:\Program Files\Java\jdk-21\bin\sunmscapi.dll
0x00007ff84e860000 - 0x00007ff84e9bd000 	C:\Windows\System32\CRYPT32.dll
0x00007ff84dc80000 - 0x00007ff84dca7000 	C:\Windows\SYSTEM32\ncrypt.dll
0x00007ff84dc40000 - 0x00007ff84dc7b000 	C:\Windows\SYSTEM32\NTASN1.dll

dbghelp: loaded successfully - version: 4.0.5 - missing functions: none
symbol engine: initialized successfully - sym options: 0x614 - pdb path: .;C:\Program Files\Java\jdk-21\bin;C:\Windows\SYSTEM32;C:\Windows\WinSxS\amd64_microsoft.windows.common-controls_6595b64144ccf1df_6.0.19041.3636_none_60b6a03d71f818d5;C:\Program Files\Java\jdk-21\bin\server

VM Arguments:
java_command: C:\Users\casper\AppData\Local\Temp\surefire7100843112513020132\surefirebooter-20231231204027399_3.jar C:\Users\casper\AppData\Local\Temp\surefire7100843112513020132 2023-12-31T20-40-27_205-jvmRun1 surefire-20231231204027399_1tmp surefire_0-20231231204027399_2tmp
java_class_path (initial): C:\Users\casper\AppData\Local\Temp\surefire7100843112513020132\surefirebooter-20231231204027399_3.jar
Launcher Type: SUN_STANDARD

[Global flags]
     intx CICompilerCount                          = 4                                         {product} {ergonomic}
     uint ConcGCThreads                            = 2                                         {product} {ergonomic}
     uint G1ConcRefinementThreads                  = 8                                         {product} {ergonomic}
   size_t G1HeapRegionSize                         = 1048576                                   {product} {ergonomic}
    uintx GCDrainStackTargetSize                   = 64                                        {product} {ergonomic}
   size_t InitialHeapSize                          = 130023424                                 {product} {ergonomic}
   size_t MarkStackSize                            = 4194304                                   {product} {ergonomic}
   size_t MaxHeapSize                              = 2055208960                                {product} {ergonomic}
   size_t MaxNewSize                               = 1233125376                                {product} {ergonomic}
   size_t MinHeapDeltaBytes                        = 1048576                                   {product} {ergonomic}
   size_t MinHeapSize                              = 8388608                                   {product} {ergonomic}
    uintx NonNMethodCodeHeapSize                   = 5839372                                {pd product} {ergonomic}
    uintx NonProfiledCodeHeapSize                  = 122909434                              {pd product} {ergonomic}
    uintx ProfiledCodeHeapSize                     = 122909434                              {pd product} {ergonomic}
    uintx ReservedCodeCacheSize                    = 251658240                              {pd product} {ergonomic}
     bool SegmentedCodeCache                       = true                                      {product} {ergonomic}
   size_t SoftMaxHeapSize                          = 2055208960                             {manageable} {ergonomic}
     bool UseCompressedOops                        = true                           {product lp64_product} {ergonomic}
     bool UseG1GC                                  = true                                      {product} {ergonomic}
     bool UseLargePagesIndividualAllocation        = false                                  {pd product} {ergonomic}

Logging:
Log output configuration:
 #0: stdout all=warning uptime,level,tags foldmultilines=false
 #1: stderr all=off uptime,level,tags foldmultilines=false

Environment Variables:
JAVA_HOME=C:\Program Files\Java\jdk-21
PATH=C:\Program Files\Java\jdk-17\bin;C:\Program Files\Java\jdk-21\bin;C:\Program Files (x86)\Common Files\Oracle\Java\javapath;C:\Windows\system32;C:\Windows;C:\Windows\System32\Wbem;C:\Windows\System32\WindowsPowerShell\v1.0\;C:\Windows\System32\OpenSSH\;C:\Program Files\nodejs\;C:\ProgramData\chocolatey\bin;C:\Program Files\Git\cmd;C:\flutter\flutter\bin;C:\Program Files\Docker\Docker\resources\bin;C:\sonar-scanner-5.0.1.3006-windows\bin;C:\Users\casper\AppData\Local\Microsoft\WindowsApps;C:\Users\casper\AppData\Local\Programs\Microsoft VS Code\bin;C:\Users\casper\AppData\Roaming\npm;C:\Program Files\JetBrains\WebStorm\bin;;C:\Program Files\JetBrains\IntelliJ IDEA 2023.1.1\bin;;C:\Users\casper\AppData\Local\Pub\Cache\bin;
USERNAME=casper
OS=Windows_NT
PROCESSOR_IDENTIFIER=Intel64 Family 6 Model 142 Stepping 10, GenuineIntel
TMP=C:\Users\casper\AppData\Local\Temp
TEMP=C:\Users\casper\AppData\Local\Temp




---------------  S Y S T E M  ---------------

OS:
 Windows 10 , 64 bit Build 19041 (10.0.19041.3636)
OS uptime: 0 days 22:08 hours
Hyper-V role detected

CPU: total 8 (initial active 8) (4 cores per cpu, 2 threads per core) family 6 model 142 stepping 10 microcode 0xb4, cx8, cmov, fxsr, ht, mmx, 3dnowpref, sse, sse2, sse3, ssse3, sse4.1, sse4.2, popcnt, lzcnt, tsc, tscinvbit, avx, avx2, aes, erms, clmul, bmi1, bmi2, adx, fma, vzeroupper, clflush, clflushopt, hv, rdtscp, f16c
Processor Information for all 8 processors :
  Max Mhz: 1992, Current Mhz: 1792, Mhz Limit: 1792

Memory: 4k page, system-wide physical 7833M (455M free)
TotalPageFile size 18073M (AvailPageFile size 4627M)
current process WorkingSet (physical memory assigned to process): 183M, peak: 192M
current process commit charge ("private bytes"): 223M, peak: 268M

vm_info: Java HotSpot(TM) 64-Bit Server VM (21+35-LTS-2513) for windows-amd64 JRE (21+35-LTS-2513), built on 2023-08-09T20:25:10Z by "mach5one" with MS VC++ 17.1 (VS2022)

END.
